[debug] [2025-10-13T15:43:00.363Z] ----------------------------------------------------------------------
[debug] [2025-10-13T15:43:00.365Z] Command:       C:\Program Files\nodejs\node.exe C:\Users\User\AppData\Roaming\npm\node_modules\firebase-tools\lib\bin\firebase.js init
[debug] [2025-10-13T15:43:00.365Z] CLI Version:   14.19.1
[debug] [2025-10-13T15:43:00.365Z] Platform:      win32
[debug] [2025-10-13T15:43:00.365Z] Node Version:  v22.16.0
[debug] [2025-10-13T15:43:00.365Z] Time:          Mon Oct 13 2025 23:43:00 GMT+0800 (台北標準時間)
[debug] [2025-10-13T15:43:00.365Z] ----------------------------------------------------------------------
[debug] 
[info] 
     ######## #### ########  ######## ########     ###     ######  ########
     ##        ##  ##     ## ##       ##     ##  ##   ##  ##       ##
     ######    ##  ########  ######   ########  #########  ######  ######
     ##        ##  ##    ##  ##       ##     ## ##     ##       ## ##
     ##       #### ##     ## ######## ########  ##     ##  ######  ########

You're about to initialize a Firebase project in this directory:

  C:\Users\User\Desktop\高中學習資源教育網2.0

[debug] [2025-10-13T15:43:38.859Z] ExitPromptError: User force closed the prompt with SIGINT
    at Interface.sigint (C:\Users\User\AppData\Roaming\npm\node_modules\firebase-tools\node_modules\@inquirer\core\dist\commonjs\lib\create-prompt.js:101:37)
    at Interface.emit (node:events:518:28)
    at Interface.emit (node:domain:489:12)
    at [_ttyWrite] [as _ttyWrite] (node:internal/readline/interface:1128:18)
    at ReadStream.onkeypress (node:internal/readline/interface:267:20)
    at ReadStream.emit (node:events:530:35)
    at ReadStream.emit (node:domain:489:12)
    at emitKeys (node:internal/readline/utils:370:14)
    at emitKeys.next (<anonymous>)
    at ReadStream.onData (node:internal/readline/emitKeypressEvents:64:36)
[error] 
[error] Error: An unexpected error has occurred.
[debug] [2025-10-13T15:43:42.538Z] ----------------------------------------------------------------------
[debug] [2025-10-13T15:43:42.539Z] Command:       C:\Program Files\nodejs\node.exe C:\Users\User\AppData\Roaming\npm\node_modules\firebase-tools\lib\bin\firebase.js init
[debug] [2025-10-13T15:43:42.540Z] CLI Version:   14.19.1
[debug] [2025-10-13T15:43:42.540Z] Platform:      win32
[debug] [2025-10-13T15:43:42.540Z] Node Version:  v22.16.0
[debug] [2025-10-13T15:43:42.540Z] Time:          Mon Oct 13 2025 23:43:42 GMT+0800 (台北標準時間)
[debug] [2025-10-13T15:43:42.540Z] ----------------------------------------------------------------------
[debug] 
[info] 
     ######## #### ########  ######## ########     ###     ######  ########
     ##        ##  ##     ## ##       ##     ##  ##   ##  ##       ##
     ######    ##  ########  ######   ########  #########  ######  ######
     ##        ##  ##    ##  ##       ##     ## ##     ##       ## ##
     ##       #### ##     ## ######## ########  ##     ##  ######  ########

You're about to initialize a Firebase project in this directory:

  C:\Users\User\Desktop\高中學習資源教育網2.0

